<?xml version="1.0" encoding="UTF-8"?>
<!-- Generated by org.testng.reporters.JUnitXMLReporter -->
<testsuite ignored="0" hostname="DESKTOP-C2TRKQ0" failures="0" tests="2" name="Regression" time="128.248" errors="0" timestamp="2022-05-02T14:08:45 IST">
  <testcase classname="com.PhpTravels.AgentScripts.AgentSearchHotelTest" name="verifyValidLogin" time="17.244"/>
  <testcase classname="com.PhpTravels.AgentScripts.AgentSearchHotelTest" name="verifySearchHotels" time="65.555"/>
</testsuite> <!-- Regression -->
