<?xml version="1.0" encoding="UTF-8"?>
<testng-results ignored="0" total="2" passed="2" failed="0" skipped="0">
  <reporter-output>
  </reporter-output>
  <suite started-at="2022-05-02T14:06:37 IST" name="All Test Suite" finished-at="2022-05-02T14:08:45 IST" duration-ms="128248">
    <groups>
    </groups>
    <test started-at="2022-05-02T14:06:37 IST" name="Regression" finished-at="2022-05-02T14:08:45 IST" duration-ms="128248">
      <class name="com.PhpTravels.AgentScripts.AgentSearchHotelTest">
        <test-method is-config="true" signature="onSetup(java.lang.String)[pri:0, instance:com.PhpTravels.AgentScripts.AgentSearchHotelTest@2a4fb17b]" started-at="2022-05-02T14:06:37 IST" name="onSetup" finished-at="2022-05-02T14:07:17 IST" duration-ms="40517" status="PASS">
          <params>
            <param index="0">
              <value>
                <![CDATA[chrome]]>
              </value>
            </param>
          </params>
          <reporter-output>
          </reporter-output>
        </test-method> <!-- onSetup -->
        <test-method signature="verifyValidLogin()[pri:0, instance:com.PhpTravels.AgentScripts.AgentSearchHotelTest@2a4fb17b]" started-at="2022-05-02T14:07:18 IST" name="verifyValidLogin" finished-at="2022-05-02T14:07:35 IST" duration-ms="17244" status="PASS">
          <reporter-output>
          </reporter-output>
        </test-method> <!-- verifyValidLogin -->
        <test-method signature="verifySearchHotels()[pri:1, instance:com.PhpTravels.AgentScripts.AgentSearchHotelTest@2a4fb17b]" started-at="2022-05-02T14:07:35 IST" name="verifySearchHotels" finished-at="2022-05-02T14:08:41 IST" duration-ms="65555" status="PASS">
          <reporter-output>
          </reporter-output>
        </test-method> <!-- verifySearchHotels -->
        <test-method is-config="true" signature="teardown()[pri:0, instance:com.PhpTravels.AgentScripts.AgentSearchHotelTest@2a4fb17b]" started-at="2022-05-02T14:08:41 IST" name="teardown" finished-at="2022-05-02T14:08:45 IST" duration-ms="4450" status="PASS">
          <reporter-output>
          </reporter-output>
        </test-method> <!-- teardown -->
      </class> <!-- com.PhpTravels.AgentScripts.AgentSearchHotelTest -->
    </test> <!-- Regression -->
  </suite> <!-- All Test Suite -->
</testng-results>
